2024-12-03 09:34:52 [INFO ] using device 0
2024-12-03 09:34:52 [INFO ] Load generated SIDs from sleepedf.txt
2024-12-03 09:34:52 [INFO ] SIDs (20): [ 0  1  2  3  4  5  6  7  8  9 10 11 12 13 14 15 16 17 18 19]
2024-12-03 09:34:52 [INFO ] Train SIDs: (17) [ 2  3  4  5  7  8  9 10 11 12 13 14 15 16 17 18 19]
2024-12-03 09:34:52 [INFO ] Valid SIDs: (2) [1 6]
2024-12-03 09:34:52 [INFO ] Test SIDs: (1) [0]
2024-12-03 09:34:53 [INFO ] Training set (n_night_sleeps=33)
2024-12-03 09:34:53 [INFO ] (1025, 1, 3000)
2024-12-03 09:34:53 [INFO ] (1009, 1, 3000)
2024-12-03 09:34:53 [INFO ] (952, 1, 3000)
2024-12-03 09:34:53 [INFO ] (911, 1, 3000)
2024-12-03 09:34:53 [INFO ] (1235, 1, 3000)
2024-12-03 09:34:53 [INFO ] (1200, 1, 3000)
2024-12-03 09:34:53 [INFO ] (672, 1, 3000)
2024-12-03 09:34:53 [INFO ] (1246, 1, 3000)
2024-12-03 09:34:53 [INFO ] (976, 1, 3000)
2024-12-03 09:34:53 [INFO ] (1273, 1, 3000)
2024-12-03 09:34:53 [INFO ] (1134, 1, 3000)
2024-12-03 09:34:53 [INFO ] (1054, 1, 3000)
2024-12-03 09:34:53 [INFO ] (1132, 1, 3000)
2024-12-03 09:34:53 [INFO ] (1207, 1, 3000)
2024-12-03 09:34:53 [INFO ] (1104, 1, 3000)
2024-12-03 09:34:53 [INFO ] (1092, 1, 3000)
2024-12-03 09:34:53 [INFO ] (928, 1, 3000)
2024-12-03 09:34:53 [INFO ] (802, 1, 3000)
2024-12-03 09:34:53 [INFO ] (1783, 1, 3000)
2024-12-03 09:34:53 [INFO ] (977, 1, 3000)
2024-12-03 09:34:53 [INFO ] (1028, 1, 3000)
2024-12-03 09:34:53 [INFO ] (1004, 1, 3000)
2024-12-03 09:34:53 [INFO ] (952, 1, 3000)
2024-12-03 09:34:53 [INFO ] (952, 1, 3000)
2024-12-03 09:34:53 [INFO ] (1762, 1, 3000)
2024-12-03 09:34:53 [INFO ] (1144, 1, 3000)
2024-12-03 09:34:53 [INFO ] (1003, 1, 3000)
2024-12-03 09:34:53 [INFO ] (1002, 1, 3000)
2024-12-03 09:34:53 [INFO ] (1773, 1, 3000)
2024-12-03 09:34:53 [INFO ] (964, 1, 3000)
2024-12-03 09:34:53 [INFO ] (920, 1, 3000)
2024-12-03 09:34:53 [INFO ] (1535, 1, 3000)
2024-12-03 09:34:53 [INFO ] (1274, 1, 3000)
2024-12-03 09:34:53 [INFO ] W: 8093
2024-12-03 09:34:53 [INFO ] N1: 2340
2024-12-03 09:34:53 [INFO ] N2: 15130
2024-12-03 09:34:53 [INFO ] N3: 4720
2024-12-03 09:34:53 [INFO ] REM: 6742
2024-12-03 09:34:53 [INFO ] Validation set (n_night_sleeps=4)
2024-12-03 09:34:53 [INFO ] (1103, 1, 3000)
2024-12-03 09:34:53 [INFO ] (2265, 1, 3000)
2024-12-03 09:34:53 [INFO ] (843, 1, 3000)
2024-12-03 09:34:53 [INFO ] (1016, 1, 3000)
2024-12-03 09:34:53 [INFO ] W: 1733
2024-12-03 09:34:53 [INFO ] N1: 347
2024-12-03 09:34:53 [INFO ] N2: 2046
2024-12-03 09:34:53 [INFO ] N3: 466
2024-12-03 09:34:53 [INFO ] REM: 635
2024-12-03 09:34:53 [INFO ] Test set (n_night_sleeps=2)
2024-12-03 09:34:53 [INFO ] (841, 1, 3000)
2024-12-03 09:34:53 [INFO ] (1127, 1, 3000)
2024-12-03 09:34:53 [INFO ] W: 371
2024-12-03 09:34:53 [INFO ] N1: 117
2024-12-03 09:34:53 [INFO ] N2: 623
2024-12-03 09:34:53 [INFO ] N3: 517
2024-12-03 09:34:53 [INFO ] REM: 340
2024-12-03 09:35:34 [INFO ] using device 0
2024-12-03 09:35:34 [INFO ] Load generated SIDs from sleepedf.txt
2024-12-03 09:35:34 [INFO ] SIDs (20): [ 0  1  2  3  4  5  6  7  8  9 10 11 12 13 14 15 16 17 18 19]
2024-12-03 09:35:34 [INFO ] Train SIDs: (17) [ 2  3  4  5  7  8  9 10 11 12 13 14 15 16 17 18 19]
2024-12-03 09:35:34 [INFO ] Valid SIDs: (2) [1 6]
2024-12-03 09:35:34 [INFO ] Test SIDs: (1) [0]
2024-12-03 09:35:35 [INFO ] Training set (n_night_sleeps=33)
2024-12-03 09:35:35 [INFO ] (1025, 1, 3000)
2024-12-03 09:35:35 [INFO ] (1009, 1, 3000)
2024-12-03 09:35:35 [INFO ] (952, 1, 3000)
2024-12-03 09:35:35 [INFO ] (911, 1, 3000)
2024-12-03 09:35:35 [INFO ] (1235, 1, 3000)
2024-12-03 09:35:35 [INFO ] (1200, 1, 3000)
2024-12-03 09:35:35 [INFO ] (672, 1, 3000)
2024-12-03 09:35:35 [INFO ] (1246, 1, 3000)
2024-12-03 09:35:35 [INFO ] (976, 1, 3000)
2024-12-03 09:35:35 [INFO ] (1273, 1, 3000)
2024-12-03 09:35:35 [INFO ] (1134, 1, 3000)
2024-12-03 09:35:35 [INFO ] (1054, 1, 3000)
2024-12-03 09:35:35 [INFO ] (1132, 1, 3000)
2024-12-03 09:35:35 [INFO ] (1207, 1, 3000)
2024-12-03 09:35:35 [INFO ] (1104, 1, 3000)
2024-12-03 09:35:35 [INFO ] (1092, 1, 3000)
2024-12-03 09:35:35 [INFO ] (928, 1, 3000)
2024-12-03 09:35:35 [INFO ] (802, 1, 3000)
2024-12-03 09:35:35 [INFO ] (1783, 1, 3000)
2024-12-03 09:35:35 [INFO ] (977, 1, 3000)
2024-12-03 09:35:35 [INFO ] (1028, 1, 3000)
2024-12-03 09:35:35 [INFO ] (1004, 1, 3000)
2024-12-03 09:35:35 [INFO ] (952, 1, 3000)
2024-12-03 09:35:35 [INFO ] (952, 1, 3000)
2024-12-03 09:35:35 [INFO ] (1762, 1, 3000)
2024-12-03 09:35:35 [INFO ] (1144, 1, 3000)
2024-12-03 09:35:35 [INFO ] (1003, 1, 3000)
2024-12-03 09:35:35 [INFO ] (1002, 1, 3000)
2024-12-03 09:35:35 [INFO ] (1773, 1, 3000)
2024-12-03 09:35:35 [INFO ] (964, 1, 3000)
2024-12-03 09:35:35 [INFO ] (920, 1, 3000)
2024-12-03 09:35:35 [INFO ] (1535, 1, 3000)
2024-12-03 09:35:35 [INFO ] (1274, 1, 3000)
2024-12-03 09:35:35 [INFO ] W: 8093
2024-12-03 09:35:35 [INFO ] N1: 2340
2024-12-03 09:35:35 [INFO ] N2: 15130
2024-12-03 09:35:35 [INFO ] N3: 4720
2024-12-03 09:35:35 [INFO ] REM: 6742
2024-12-03 09:35:35 [INFO ] Validation set (n_night_sleeps=4)
2024-12-03 09:35:35 [INFO ] (1103, 1, 3000)
2024-12-03 09:35:35 [INFO ] (2265, 1, 3000)
2024-12-03 09:35:35 [INFO ] (843, 1, 3000)
2024-12-03 09:35:35 [INFO ] (1016, 1, 3000)
2024-12-03 09:35:35 [INFO ] W: 1733
2024-12-03 09:35:35 [INFO ] N1: 347
2024-12-03 09:35:35 [INFO ] N2: 2046
2024-12-03 09:35:35 [INFO ] N3: 466
2024-12-03 09:35:35 [INFO ] REM: 635
2024-12-03 09:35:35 [INFO ] Test set (n_night_sleeps=2)
2024-12-03 09:35:35 [INFO ] (841, 1, 3000)
2024-12-03 09:35:35 [INFO ] (1127, 1, 3000)
2024-12-03 09:35:35 [INFO ] W: 371
2024-12-03 09:35:35 [INFO ] N1: 117
2024-12-03 09:35:35 [INFO ] N2: 623
2024-12-03 09:35:35 [INFO ] N3: 517
2024-12-03 09:35:35 [INFO ] REM: 340
2024-12-03 09:42:00 [INFO ] using device 0
2024-12-03 09:42:00 [INFO ] Load generated SIDs from sleepedf.txt
2024-12-03 09:42:00 [INFO ] SIDs (20): [ 0  1  2  3  4  5  6  7  8  9 10 11 12 13 14 15 16 17 18 19]
2024-12-03 09:42:00 [INFO ] Train SIDs: (17) [ 2  3  4  5  7  8  9 10 11 12 13 14 15 16 17 18 19]
2024-12-03 09:42:00 [INFO ] Valid SIDs: (2) [1 6]
2024-12-03 09:42:00 [INFO ] Test SIDs: (1) [0]
2024-12-03 09:42:01 [INFO ] Training set (n_night_sleeps=33)
2024-12-03 09:42:01 [INFO ] (1025, 1, 3000)
2024-12-03 09:42:01 [INFO ] (1009, 1, 3000)
2024-12-03 09:42:01 [INFO ] (952, 1, 3000)
2024-12-03 09:42:01 [INFO ] (911, 1, 3000)
2024-12-03 09:42:01 [INFO ] (1235, 1, 3000)
2024-12-03 09:42:01 [INFO ] (1200, 1, 3000)
2024-12-03 09:42:01 [INFO ] (672, 1, 3000)
2024-12-03 09:42:01 [INFO ] (1246, 1, 3000)
2024-12-03 09:42:01 [INFO ] (976, 1, 3000)
2024-12-03 09:42:01 [INFO ] (1273, 1, 3000)
2024-12-03 09:42:01 [INFO ] (1134, 1, 3000)
2024-12-03 09:42:01 [INFO ] (1054, 1, 3000)
2024-12-03 09:42:01 [INFO ] (1132, 1, 3000)
2024-12-03 09:42:01 [INFO ] (1207, 1, 3000)
2024-12-03 09:42:01 [INFO ] (1104, 1, 3000)
2024-12-03 09:42:01 [INFO ] (1092, 1, 3000)
2024-12-03 09:42:01 [INFO ] (928, 1, 3000)
2024-12-03 09:42:01 [INFO ] (802, 1, 3000)
2024-12-03 09:42:01 [INFO ] (1783, 1, 3000)
2024-12-03 09:42:01 [INFO ] (977, 1, 3000)
2024-12-03 09:42:01 [INFO ] (1028, 1, 3000)
2024-12-03 09:42:01 [INFO ] (1004, 1, 3000)
2024-12-03 09:42:01 [INFO ] (952, 1, 3000)
2024-12-03 09:42:01 [INFO ] (952, 1, 3000)
2024-12-03 09:42:01 [INFO ] (1762, 1, 3000)
2024-12-03 09:42:01 [INFO ] (1144, 1, 3000)
2024-12-03 09:42:01 [INFO ] (1003, 1, 3000)
2024-12-03 09:42:01 [INFO ] (1002, 1, 3000)
2024-12-03 09:42:01 [INFO ] (1773, 1, 3000)
2024-12-03 09:42:01 [INFO ] (964, 1, 3000)
2024-12-03 09:42:01 [INFO ] (920, 1, 3000)
2024-12-03 09:42:01 [INFO ] (1535, 1, 3000)
2024-12-03 09:42:01 [INFO ] (1274, 1, 3000)
2024-12-03 09:42:01 [INFO ] W: 8093
2024-12-03 09:42:01 [INFO ] N1: 2340
2024-12-03 09:42:01 [INFO ] N2: 15130
2024-12-03 09:42:01 [INFO ] N3: 4720
2024-12-03 09:42:01 [INFO ] REM: 6742
2024-12-03 09:42:01 [INFO ] Validation set (n_night_sleeps=4)
2024-12-03 09:42:01 [INFO ] (1103, 1, 3000)
2024-12-03 09:42:01 [INFO ] (2265, 1, 3000)
2024-12-03 09:42:01 [INFO ] (843, 1, 3000)
2024-12-03 09:42:01 [INFO ] (1016, 1, 3000)
2024-12-03 09:42:01 [INFO ] W: 1733
2024-12-03 09:42:01 [INFO ] N1: 347
2024-12-03 09:42:01 [INFO ] N2: 2046
2024-12-03 09:42:01 [INFO ] N3: 466
2024-12-03 09:42:01 [INFO ] REM: 635
2024-12-03 09:42:01 [INFO ] Test set (n_night_sleeps=2)
2024-12-03 09:42:01 [INFO ] (841, 1, 3000)
2024-12-03 09:42:01 [INFO ] (1127, 1, 3000)
2024-12-03 09:42:01 [INFO ] W: 371
2024-12-03 09:42:01 [INFO ] N1: 117
2024-12-03 09:42:01 [INFO ] N2: 623
2024-12-03 09:42:01 [INFO ] N3: 517
2024-12-03 09:42:01 [INFO ] REM: 340
2024-12-03 09:45:41 [INFO ] using device 0
2024-12-03 09:45:41 [INFO ] Load generated SIDs from sleepedf.txt
2024-12-03 09:45:41 [INFO ] SIDs (20): [ 0  1  2  3  4  5  6  7  8  9 10 11 12 13 14 15 16 17 18 19]
2024-12-03 09:45:41 [INFO ] Train SIDs: (17) [ 2  3  4  5  7  8  9 10 11 12 13 14 15 16 17 18 19]
2024-12-03 09:45:41 [INFO ] Valid SIDs: (2) [1 6]
2024-12-03 09:45:41 [INFO ] Test SIDs: (1) [0]
2024-12-03 09:45:42 [INFO ] Training set (n_night_sleeps=33)
2024-12-03 09:45:42 [INFO ] (1025, 1, 3000)
2024-12-03 09:45:42 [INFO ] (1009, 1, 3000)
2024-12-03 09:45:42 [INFO ] (952, 1, 3000)
2024-12-03 09:45:42 [INFO ] (911, 1, 3000)
2024-12-03 09:45:42 [INFO ] (1235, 1, 3000)
2024-12-03 09:45:42 [INFO ] (1200, 1, 3000)
2024-12-03 09:45:42 [INFO ] (672, 1, 3000)
2024-12-03 09:45:42 [INFO ] (1246, 1, 3000)
2024-12-03 09:45:42 [INFO ] (976, 1, 3000)
2024-12-03 09:45:42 [INFO ] (1273, 1, 3000)
2024-12-03 09:45:42 [INFO ] (1134, 1, 3000)
2024-12-03 09:45:42 [INFO ] (1054, 1, 3000)
2024-12-03 09:45:42 [INFO ] (1132, 1, 3000)
2024-12-03 09:45:42 [INFO ] (1207, 1, 3000)
2024-12-03 09:45:42 [INFO ] (1104, 1, 3000)
2024-12-03 09:45:42 [INFO ] (1092, 1, 3000)
2024-12-03 09:45:42 [INFO ] (928, 1, 3000)
2024-12-03 09:45:42 [INFO ] (802, 1, 3000)
2024-12-03 09:45:42 [INFO ] (1783, 1, 3000)
2024-12-03 09:45:42 [INFO ] (977, 1, 3000)
2024-12-03 09:45:42 [INFO ] (1028, 1, 3000)
2024-12-03 09:45:42 [INFO ] (1004, 1, 3000)
2024-12-03 09:45:42 [INFO ] (952, 1, 3000)
2024-12-03 09:45:42 [INFO ] (952, 1, 3000)
2024-12-03 09:45:42 [INFO ] (1762, 1, 3000)
2024-12-03 09:45:42 [INFO ] (1144, 1, 3000)
2024-12-03 09:45:42 [INFO ] (1003, 1, 3000)
2024-12-03 09:45:42 [INFO ] (1002, 1, 3000)
2024-12-03 09:45:42 [INFO ] (1773, 1, 3000)
2024-12-03 09:45:42 [INFO ] (964, 1, 3000)
2024-12-03 09:45:42 [INFO ] (920, 1, 3000)
2024-12-03 09:45:42 [INFO ] (1535, 1, 3000)
2024-12-03 09:45:42 [INFO ] (1274, 1, 3000)
2024-12-03 09:45:42 [INFO ] W: 8093
2024-12-03 09:45:42 [INFO ] N1: 2340
2024-12-03 09:45:42 [INFO ] N2: 15130
2024-12-03 09:45:42 [INFO ] N3: 4720
2024-12-03 09:45:42 [INFO ] REM: 6742
2024-12-03 09:45:42 [INFO ] Validation set (n_night_sleeps=4)
2024-12-03 09:45:42 [INFO ] (1103, 1, 3000)
2024-12-03 09:45:42 [INFO ] (2265, 1, 3000)
2024-12-03 09:45:42 [INFO ] (843, 1, 3000)
2024-12-03 09:45:42 [INFO ] (1016, 1, 3000)
2024-12-03 09:45:42 [INFO ] W: 1733
2024-12-03 09:45:42 [INFO ] N1: 347
2024-12-03 09:45:42 [INFO ] N2: 2046
2024-12-03 09:45:42 [INFO ] N3: 466
2024-12-03 09:45:42 [INFO ] REM: 635
2024-12-03 09:45:42 [INFO ] Test set (n_night_sleeps=2)
2024-12-03 09:45:42 [INFO ] (841, 1, 3000)
2024-12-03 09:45:42 [INFO ] (1127, 1, 3000)
2024-12-03 09:45:42 [INFO ] W: 371
2024-12-03 09:45:42 [INFO ] N1: 117
2024-12-03 09:45:42 [INFO ] N2: 623
2024-12-03 09:45:42 [INFO ] N3: 517
2024-12-03 09:45:42 [INFO ] REM: 340
